running egg_info
creating ../../build/continuum_arm_control/continuum_arm_control.egg-info
writing ../../build/continuum_arm_control/continuum_arm_control.egg-info/PKG-INFO
writing dependency_links to ../../build/continuum_arm_control/continuum_arm_control.egg-info/dependency_links.txt
writing entry points to ../../build/continuum_arm_control/continuum_arm_control.egg-info/entry_points.txt
writing requirements to ../../build/continuum_arm_control/continuum_arm_control.egg-info/requires.txt
writing top-level names to ../../build/continuum_arm_control/continuum_arm_control.egg-info/top_level.txt
writing manifest file '../../build/continuum_arm_control/continuum_arm_control.egg-info/SOURCES.txt'
reading manifest file '../../build/continuum_arm_control/continuum_arm_control.egg-info/SOURCES.txt'
writing manifest file '../../build/continuum_arm_control/continuum_arm_control.egg-info/SOURCES.txt'
running build
running build_py
creating /home/acer/continuum_arm_ws/build/continuum_arm_control/build
creating /home/acer/continuum_arm_ws/build/continuum_arm_control/build/lib
creating /home/acer/continuum_arm_ws/build/continuum_arm_control/build/lib/continuum_arm_control
copying continuum_arm_control/__init__.py -> /home/acer/continuum_arm_ws/build/continuum_arm_control/build/lib/continuum_arm_control
running install
running install_lib
creating /home/acer/continuum_arm_ws/install/continuum_arm_control/lib/python3.10/site-packages/continuum_arm_control
copying /home/acer/continuum_arm_ws/build/continuum_arm_control/build/lib/continuum_arm_control/__init__.py -> /home/acer/continuum_arm_ws/install/continuum_arm_control/lib/python3.10/site-packages/continuum_arm_control
byte-compiling /home/acer/continuum_arm_ws/install/continuum_arm_control/lib/python3.10/site-packages/continuum_arm_control/__init__.py to __init__.cpython-310.pyc
running install_data
creating /home/acer/continuum_arm_ws/install/continuum_arm_control/share/ament_index
creating /home/acer/continuum_arm_ws/install/continuum_arm_control/share/ament_index/resource_index
creating /home/acer/continuum_arm_ws/install/continuum_arm_control/share/ament_index/resource_index/packages
copying resource/continuum_arm_control -> /home/acer/continuum_arm_ws/install/continuum_arm_control/share/ament_index/resource_index/packages
copying package.xml -> /home/acer/continuum_arm_ws/install/continuum_arm_control/share/continuum_arm_control
running install_egg_info
Copying ../../build/continuum_arm_control/continuum_arm_control.egg-info to /home/acer/continuum_arm_ws/install/continuum_arm_control/lib/python3.10/site-packages/continuum_arm_control-0.0.0-py3.10.egg-info
running install_scripts
writing list of installed files to '/home/acer/continuum_arm_ws/build/continuum_arm_control/install.log'
