[0.483s] Invoking command in '/home/acer/continuum_arm_ws/src/continuum_arm_control': PYTHONPATH=/home/acer/continuum_arm_ws/build/continuum_arm_control/prefix_override:/usr/lib/python3/dist-packages/colcon_core/task/python/colcon_distutils_commands:/home/acer/continuum_arm_ws/install/continuum_arm_control/lib/python3.10/site-packages:${PYTHONPATH} /usr/bin/python3 -W ignore:setup.py install is deprecated setup.py egg_info --egg-base ../../build/continuum_arm_control build --build-base /home/acer/continuum_arm_ws/build/continuum_arm_control/build install --record /home/acer/continuum_arm_ws/build/continuum_arm_control/install.log --single-version-externally-managed install_data
[0.628s] running egg_info
[0.629s] creating ../../build/continuum_arm_control/continuum_arm_control.egg-info
[0.630s] writing ../../build/continuum_arm_control/continuum_arm_control.egg-info/PKG-INFO
[0.630s] writing dependency_links to ../../build/continuum_arm_control/continuum_arm_control.egg-info/dependency_links.txt
[0.630s] writing entry points to ../../build/continuum_arm_control/continuum_arm_control.egg-info/entry_points.txt
[0.630s] writing requirements to ../../build/continuum_arm_control/continuum_arm_control.egg-info/requires.txt
[0.630s] writing top-level names to ../../build/continuum_arm_control/continuum_arm_control.egg-info/top_level.txt
[0.630s] writing manifest file '../../build/continuum_arm_control/continuum_arm_control.egg-info/SOURCES.txt'
[0.631s] reading manifest file '../../build/continuum_arm_control/continuum_arm_control.egg-info/SOURCES.txt'
[0.632s] writing manifest file '../../build/continuum_arm_control/continuum_arm_control.egg-info/SOURCES.txt'
[0.633s] running build
[0.633s] running build_py
[0.633s] creating /home/acer/continuum_arm_ws/build/continuum_arm_control/build
[0.633s] creating /home/acer/continuum_arm_ws/build/continuum_arm_control/build/lib
[0.633s] creating /home/acer/continuum_arm_ws/build/continuum_arm_control/build/lib/continuum_arm_control
[0.634s] copying continuum_arm_control/__init__.py -> /home/acer/continuum_arm_ws/build/continuum_arm_control/build/lib/continuum_arm_control
[0.634s] running install
[0.635s] running install_lib
[0.636s] creating /home/acer/continuum_arm_ws/install/continuum_arm_control/lib/python3.10/site-packages/continuum_arm_control
[0.637s] copying /home/acer/continuum_arm_ws/build/continuum_arm_control/build/lib/continuum_arm_control/__init__.py -> /home/acer/continuum_arm_ws/install/continuum_arm_control/lib/python3.10/site-packages/continuum_arm_control
[0.638s] byte-compiling /home/acer/continuum_arm_ws/install/continuum_arm_control/lib/python3.10/site-packages/continuum_arm_control/__init__.py to __init__.cpython-310.pyc
[0.638s] running install_data
[0.638s] creating /home/acer/continuum_arm_ws/install/continuum_arm_control/share/ament_index
[0.638s] creating /home/acer/continuum_arm_ws/install/continuum_arm_control/share/ament_index/resource_index
[0.638s] creating /home/acer/continuum_arm_ws/install/continuum_arm_control/share/ament_index/resource_index/packages
[0.638s] copying resource/continuum_arm_control -> /home/acer/continuum_arm_ws/install/continuum_arm_control/share/ament_index/resource_index/packages
[0.639s] copying package.xml -> /home/acer/continuum_arm_ws/install/continuum_arm_control/share/continuum_arm_control
[0.639s] running install_egg_info
[0.641s] Copying ../../build/continuum_arm_control/continuum_arm_control.egg-info to /home/acer/continuum_arm_ws/install/continuum_arm_control/lib/python3.10/site-packages/continuum_arm_control-0.0.0-py3.10.egg-info
[0.642s] running install_scripts
[0.659s] writing list of installed files to '/home/acer/continuum_arm_ws/build/continuum_arm_control/install.log'
[0.679s] Invoked command in '/home/acer/continuum_arm_ws/src/continuum_arm_control' returned '0': PYTHONPATH=/home/acer/continuum_arm_ws/build/continuum_arm_control/prefix_override:/usr/lib/python3/dist-packages/colcon_core/task/python/colcon_distutils_commands:/home/acer/continuum_arm_ws/install/continuum_arm_control/lib/python3.10/site-packages:${PYTHONPATH} /usr/bin/python3 -W ignore:setup.py install is deprecated setup.py egg_info --egg-base ../../build/continuum_arm_control build --build-base /home/acer/continuum_arm_ws/build/continuum_arm_control/build install --record /home/acer/continuum_arm_ws/build/continuum_arm_control/install.log --single-version-externally-managed install_data
