[0.149s] DEBUG:colcon:Command line arguments: ['/usr/bin/colcon', 'build']
[0.150s] DEBUG:colcon:Parsed command line arguments: Namespace(log_base=None, log_level=None, verb_name='build', build_base='build', install_base='install', merge_install=False, symlink_install=False, test_result_base=None, continue_on_error=False, executor='parallel', parallel_workers=4, event_handlers=None, ignore_user_meta=False, metas=['./colcon.meta'], base_paths=['.'], packages_ignore=None, packages_ignore_regex=None, paths=None, packages_up_to=None, packages_up_to_regex=None, packages_above=None, packages_above_and_dependencies=None, packages_above_depth=None, packages_select_by_dep=None, packages_skip_by_dep=None, packages_skip_up_to=None, packages_select_build_failed=False, packages_skip_build_finished=False, packages_select_test_failures=False, packages_skip_test_passed=False, packages_select=None, packages_skip=None, packages_select_regex=None, packages_skip_regex=None, packages_start=None, packages_end=None, allow_overriding=[], cmake_args=None, cmake_target=None, cmake_target_skip_unavailable=False, cmake_clean_cache=False, cmake_clean_first=False, cmake_force_configure=False, ament_cmake_args=None, catkin_cmake_args=None, catkin_skip_building_tests=False, verb_parser=<colcon_defaults.argument_parser.defaults.DefaultArgumentsDecorator object at 0x7cc5eed17f40>, verb_extension=<colcon_core.verb.build.BuildVerb object at 0x7cc5eee4d3f0>, main=<bound method BuildVerb.main of <colcon_core.verb.build.BuildVerb object at 0x7cc5eee4d3f0>>)
[0.359s] Level 1:colcon.colcon_core.package_discovery:discover_packages(colcon_meta) check parameters
[0.359s] Level 1:colcon.colcon_core.package_discovery:discover_packages(recursive) check parameters
[0.359s] Level 1:colcon.colcon_core.package_discovery:discover_packages(ignore) check parameters
[0.359s] Level 1:colcon.colcon_core.package_discovery:discover_packages(path) check parameters
[0.359s] Level 1:colcon.colcon_core.package_discovery:discover_packages(colcon_meta) discover
[0.359s] Level 1:colcon.colcon_core.package_discovery:discover_packages(recursive) discover
[0.359s] INFO:colcon.colcon_core.package_discovery:Crawling recursively for packages in '/home/acer/continuum_arm_ws'
[0.359s] Level 1:colcon.colcon_core.package_identification:_identify(.) by extensions ['ignore', 'ignore_ament_install']
[0.360s] Level 1:colcon.colcon_core.package_identification:_identify(.) by extension 'ignore'
[0.360s] Level 1:colcon.colcon_core.package_identification:_identify(.) by extension 'ignore_ament_install'
[0.360s] Level 1:colcon.colcon_core.package_identification:_identify(.) by extensions ['colcon_pkg']
[0.360s] Level 1:colcon.colcon_core.package_identification:_identify(.) by extension 'colcon_pkg'
[0.360s] Level 1:colcon.colcon_core.package_identification:_identify(.) by extensions ['colcon_meta']
[0.360s] Level 1:colcon.colcon_core.package_identification:_identify(.) by extension 'colcon_meta'
[0.360s] Level 1:colcon.colcon_core.package_identification:_identify(.) by extensions ['ros']
[0.360s] Level 1:colcon.colcon_core.package_identification:_identify(.) by extension 'ros'
[0.377s] Level 1:colcon.colcon_core.package_identification:_identify(.) by extensions ['cmake', 'python']
[0.377s] Level 1:colcon.colcon_core.package_identification:_identify(.) by extension 'cmake'
[0.378s] Level 1:colcon.colcon_core.package_identification:_identify(.) by extension 'python'
[0.378s] Level 1:colcon.colcon_core.package_identification:_identify(.) by extensions ['python_setup_py']
[0.378s] Level 1:colcon.colcon_core.package_identification:_identify(.) by extension 'python_setup_py'
[0.378s] Level 1:colcon.colcon_core.package_identification:_identify(build) by extensions ['ignore', 'ignore_ament_install']
[0.379s] Level 1:colcon.colcon_core.package_identification:_identify(build) by extension 'ignore'
[0.379s] Level 1:colcon.colcon_core.package_identification:_identify(build) ignored
[0.379s] Level 1:colcon.colcon_core.package_identification:_identify(install) by extensions ['ignore', 'ignore_ament_install']
[0.379s] Level 1:colcon.colcon_core.package_identification:_identify(install) by extension 'ignore'
[0.380s] Level 1:colcon.colcon_core.package_identification:_identify(install) ignored
[0.380s] Level 1:colcon.colcon_core.package_identification:_identify(log) by extensions ['ignore', 'ignore_ament_install']
[0.380s] Level 1:colcon.colcon_core.package_identification:_identify(log) by extension 'ignore'
[0.380s] Level 1:colcon.colcon_core.package_identification:_identify(log) ignored
[0.380s] Level 1:colcon.colcon_core.package_identification:_identify(src) by extensions ['ignore', 'ignore_ament_install']
[0.380s] Level 1:colcon.colcon_core.package_identification:_identify(src) by extension 'ignore'
[0.380s] Level 1:colcon.colcon_core.package_identification:_identify(src) by extension 'ignore_ament_install'
[0.381s] Level 1:colcon.colcon_core.package_identification:_identify(src) by extensions ['colcon_pkg']
[0.381s] Level 1:colcon.colcon_core.package_identification:_identify(src) by extension 'colcon_pkg'
[0.381s] Level 1:colcon.colcon_core.package_identification:_identify(src) by extensions ['colcon_meta']
[0.381s] Level 1:colcon.colcon_core.package_identification:_identify(src) by extension 'colcon_meta'
[0.381s] Level 1:colcon.colcon_core.package_identification:_identify(src) by extensions ['ros']
[0.381s] Level 1:colcon.colcon_core.package_identification:_identify(src) by extension 'ros'
[0.381s] Level 1:colcon.colcon_core.package_identification:_identify(src) by extensions ['cmake', 'python']
[0.381s] Level 1:colcon.colcon_core.package_identification:_identify(src) by extension 'cmake'
[0.381s] Level 1:colcon.colcon_core.package_identification:_identify(src) by extension 'python'
[0.381s] Level 1:colcon.colcon_core.package_identification:_identify(src) by extensions ['python_setup_py']
[0.381s] Level 1:colcon.colcon_core.package_identification:_identify(src) by extension 'python_setup_py'
[0.381s] Level 1:colcon.colcon_core.package_identification:_identify(src/continuum_arm_control) by extensions ['ignore', 'ignore_ament_install']
[0.381s] Level 1:colcon.colcon_core.package_identification:_identify(src/continuum_arm_control) by extension 'ignore'
[0.382s] Level 1:colcon.colcon_core.package_identification:_identify(src/continuum_arm_control) by extension 'ignore_ament_install'
[0.382s] Level 1:colcon.colcon_core.package_identification:_identify(src/continuum_arm_control) by extensions ['colcon_pkg']
[0.382s] Level 1:colcon.colcon_core.package_identification:_identify(src/continuum_arm_control) by extension 'colcon_pkg'
[0.382s] Level 1:colcon.colcon_core.package_identification:_identify(src/continuum_arm_control) by extensions ['colcon_meta']
[0.382s] Level 1:colcon.colcon_core.package_identification:_identify(src/continuum_arm_control) by extension 'colcon_meta'
[0.382s] Level 1:colcon.colcon_core.package_identification:_identify(src/continuum_arm_control) by extensions ['ros']
[0.382s] Level 1:colcon.colcon_core.package_identification:_identify(src/continuum_arm_control) by extension 'ros'
[0.388s] DEBUG:colcon.colcon_core.package_identification:Package 'src/continuum_arm_control' with type 'ros.ament_python' and name 'continuum_arm_control'
[0.391s] Level 1:colcon.colcon_core.package_identification:_identify(src/light_follower_controller) by extensions ['ignore', 'ignore_ament_install']
[0.393s] Level 1:colcon.colcon_core.package_identification:_identify(src/light_follower_controller) by extension 'ignore'
[0.393s] Level 1:colcon.colcon_core.package_identification:_identify(src/light_follower_controller) by extension 'ignore_ament_install'
[0.393s] Level 1:colcon.colcon_core.package_identification:_identify(src/light_follower_controller) by extensions ['colcon_pkg']
[0.393s] Level 1:colcon.colcon_core.package_identification:_identify(src/light_follower_controller) by extension 'colcon_pkg'
[0.393s] Level 1:colcon.colcon_core.package_identification:_identify(src/light_follower_controller) by extensions ['colcon_meta']
[0.393s] Level 1:colcon.colcon_core.package_identification:_identify(src/light_follower_controller) by extension 'colcon_meta'
[0.394s] Level 1:colcon.colcon_core.package_identification:_identify(src/light_follower_controller) by extensions ['ros']
[0.394s] Level 1:colcon.colcon_core.package_identification:_identify(src/light_follower_controller) by extension 'ros'
[0.395s] DEBUG:colcon.colcon_core.package_identification:Package 'src/light_follower_controller' with type 'ros.ament_python' and name 'light_follower_controller'
[0.395s] Level 1:colcon.colcon_core.package_discovery:discover_packages(recursive) using defaults
[0.395s] Level 1:colcon.colcon_core.package_discovery:discover_packages(ignore) discover
[0.395s] Level 1:colcon.colcon_core.package_discovery:discover_packages(ignore) using defaults
[0.395s] Level 1:colcon.colcon_core.package_discovery:discover_packages(path) discover
[0.395s] Level 1:colcon.colcon_core.package_discovery:discover_packages(path) using defaults
[0.425s] Level 1:colcon.colcon_core.package_discovery:discover_packages(prefix_path) check parameters
[0.425s] Level 1:colcon.colcon_core.package_discovery:discover_packages(prefix_path) discover
[0.428s] DEBUG:colcon.colcon_installed_package_information.package_discovery:Found 271 installed packages in /opt/ros/humble
[0.430s] Level 1:colcon.colcon_core.package_discovery:discover_packages(prefix_path) using defaults
[0.514s] Level 5:colcon.colcon_core.verb:set package 'continuum_arm_control' build argument 'cmake_args' from command line to 'None'
[0.515s] Level 5:colcon.colcon_core.verb:set package 'continuum_arm_control' build argument 'cmake_target' from command line to 'None'
[0.515s] Level 5:colcon.colcon_core.verb:set package 'continuum_arm_control' build argument 'cmake_target_skip_unavailable' from command line to 'False'
[0.515s] Level 5:colcon.colcon_core.verb:set package 'continuum_arm_control' build argument 'cmake_clean_cache' from command line to 'False'
[0.515s] Level 5:colcon.colcon_core.verb:set package 'continuum_arm_control' build argument 'cmake_clean_first' from command line to 'False'
[0.515s] Level 5:colcon.colcon_core.verb:set package 'continuum_arm_control' build argument 'cmake_force_configure' from command line to 'False'
[0.515s] Level 5:colcon.colcon_core.verb:set package 'continuum_arm_control' build argument 'ament_cmake_args' from command line to 'None'
[0.515s] Level 5:colcon.colcon_core.verb:set package 'continuum_arm_control' build argument 'catkin_cmake_args' from command line to 'None'
[0.515s] Level 5:colcon.colcon_core.verb:set package 'continuum_arm_control' build argument 'catkin_skip_building_tests' from command line to 'False'
[0.515s] DEBUG:colcon.colcon_core.verb:Building package 'continuum_arm_control' with the following arguments: {'ament_cmake_args': None, 'build_base': '/home/acer/continuum_arm_ws/build/continuum_arm_control', 'catkin_cmake_args': None, 'catkin_skip_building_tests': False, 'cmake_args': None, 'cmake_clean_cache': False, 'cmake_clean_first': False, 'cmake_force_configure': False, 'cmake_target': None, 'cmake_target_skip_unavailable': False, 'install_base': '/home/acer/continuum_arm_ws/install/continuum_arm_control', 'merge_install': False, 'path': '/home/acer/continuum_arm_ws/src/continuum_arm_control', 'symlink_install': False, 'test_result_base': None}
[0.516s] Level 5:colcon.colcon_core.verb:set package 'light_follower_controller' build argument 'cmake_args' from command line to 'None'
[0.516s] Level 5:colcon.colcon_core.verb:set package 'light_follower_controller' build argument 'cmake_target' from command line to 'None'
[0.516s] Level 5:colcon.colcon_core.verb:set package 'light_follower_controller' build argument 'cmake_target_skip_unavailable' from command line to 'False'
[0.516s] Level 5:colcon.colcon_core.verb:set package 'light_follower_controller' build argument 'cmake_clean_cache' from command line to 'False'
[0.516s] Level 5:colcon.colcon_core.verb:set package 'light_follower_controller' build argument 'cmake_clean_first' from command line to 'False'
[0.516s] Level 5:colcon.colcon_core.verb:set package 'light_follower_controller' build argument 'cmake_force_configure' from command line to 'False'
[0.516s] Level 5:colcon.colcon_core.verb:set package 'light_follower_controller' build argument 'ament_cmake_args' from command line to 'None'
[0.516s] Level 5:colcon.colcon_core.verb:set package 'light_follower_controller' build argument 'catkin_cmake_args' from command line to 'None'
[0.516s] Level 5:colcon.colcon_core.verb:set package 'light_follower_controller' build argument 'catkin_skip_building_tests' from command line to 'False'
[0.516s] DEBUG:colcon.colcon_core.verb:Building package 'light_follower_controller' with the following arguments: {'ament_cmake_args': None, 'build_base': '/home/acer/continuum_arm_ws/build/light_follower_controller', 'catkin_cmake_args': None, 'catkin_skip_building_tests': False, 'cmake_args': None, 'cmake_clean_cache': False, 'cmake_clean_first': False, 'cmake_force_configure': False, 'cmake_target': None, 'cmake_target_skip_unavailable': False, 'install_base': '/home/acer/continuum_arm_ws/install/light_follower_controller', 'merge_install': False, 'path': '/home/acer/continuum_arm_ws/src/light_follower_controller', 'symlink_install': False, 'test_result_base': None}
[0.517s] INFO:colcon.colcon_core.executor:Executing jobs using 'parallel' executor
[0.521s] DEBUG:colcon.colcon_parallel_executor.executor.parallel:run_until_complete
[0.521s] INFO:colcon.colcon_ros.task.ament_python.build:Building ROS package in '/home/acer/continuum_arm_ws/src/continuum_arm_control' with build type 'ament_python'
[0.522s] Level 1:colcon.colcon_core.shell:create_environment_hook('continuum_arm_control', 'ament_prefix_path')
[0.527s] INFO:colcon.colcon_core.plugin_system:Skipping extension 'colcon_core.shell.bat': Not used on non-Windows systems
[0.527s] INFO:colcon.colcon_core.shell:Creating environment hook '/home/acer/continuum_arm_ws/install/continuum_arm_control/share/continuum_arm_control/hook/ament_prefix_path.ps1'
[0.529s] INFO:colcon.colcon_core.shell:Creating environment descriptor '/home/acer/continuum_arm_ws/install/continuum_arm_control/share/continuum_arm_control/hook/ament_prefix_path.dsv'
[0.531s] INFO:colcon.colcon_core.shell:Creating environment hook '/home/acer/continuum_arm_ws/install/continuum_arm_control/share/continuum_arm_control/hook/ament_prefix_path.sh'
[0.534s] INFO:colcon.colcon_core.shell:Skip shell extension 'powershell' for command environment: Not usable outside of PowerShell
[0.534s] DEBUG:colcon.colcon_core.shell:Skip shell extension 'dsv' for command environment
[0.560s] INFO:colcon.colcon_ros.task.ament_python.build:Building ROS package in '/home/acer/continuum_arm_ws/src/light_follower_controller' with build type 'ament_python'
[0.560s] Level 1:colcon.colcon_core.shell:create_environment_hook('light_follower_controller', 'ament_prefix_path')
[0.561s] INFO:colcon.colcon_core.shell:Creating environment hook '/home/acer/continuum_arm_ws/install/light_follower_controller/share/light_follower_controller/hook/ament_prefix_path.ps1'
[0.563s] INFO:colcon.colcon_core.shell:Creating environment descriptor '/home/acer/continuum_arm_ws/install/light_follower_controller/share/light_follower_controller/hook/ament_prefix_path.dsv'
[0.564s] INFO:colcon.colcon_core.shell:Creating environment hook '/home/acer/continuum_arm_ws/install/light_follower_controller/share/light_follower_controller/hook/ament_prefix_path.sh'
[0.565s] INFO:colcon.colcon_core.shell:Skip shell extension 'powershell' for command environment: Not usable outside of PowerShell
[0.565s] DEBUG:colcon.colcon_core.shell:Skip shell extension 'dsv' for command environment
[1.034s] WARNING:colcon.colcon_ros.task.ament_python.build:Package 'continuum_arm_control' doesn't explicitly install a marker in the package index (colcon-ros currently does it implicitly but that fallback will be removed in the future)
[1.035s] WARNING:colcon.colcon_ros.task.ament_python.build:Package 'continuum_arm_control' doesn't explicitly install the 'package.xml' file (colcon-ros currently does it implicitly but that fallback will be removed in the future)
[1.036s] INFO:colcon.colcon_core.task.python.build:Building Python package in '/home/acer/continuum_arm_ws/src/continuum_arm_control'
[1.037s] INFO:colcon.colcon_core.shell:Skip shell extension 'powershell' for command environment: Not usable outside of PowerShell
[1.038s] DEBUG:colcon.colcon_core.shell:Skip shell extension 'dsv' for command environment
[1.377s] WARNING:colcon.colcon_ros.task.ament_python.build:Package 'light_follower_controller' doesn't explicitly install a marker in the package index (colcon-ros currently does it implicitly but that fallback will be removed in the future)
[1.378s] WARNING:colcon.colcon_ros.task.ament_python.build:Package 'light_follower_controller' doesn't explicitly install the 'package.xml' file (colcon-ros currently does it implicitly but that fallback will be removed in the future)
[1.378s] INFO:colcon.colcon_core.task.python.build:Building Python package in '/home/acer/continuum_arm_ws/src/light_follower_controller'
[1.379s] INFO:colcon.colcon_core.shell:Skip shell extension 'powershell' for command environment: Not usable outside of PowerShell
[1.379s] DEBUG:colcon.colcon_core.shell:Skip shell extension 'dsv' for command environment
[2.074s] DEBUG:colcon.colcon_core.event_handler.log_command:Invoking command in '/home/acer/continuum_arm_ws/src/light_follower_controller': PYTHONPATH=/home/acer/continuum_arm_ws/build/light_follower_controller/prefix_override:/usr/lib/python3/dist-packages/colcon_core/task/python/colcon_distutils_commands:/home/acer/continuum_arm_ws/install/light_follower_controller/lib/python3.10/site-packages:${PYTHONPATH} /usr/bin/python3 -W ignore:setup.py install is deprecated setup.py egg_info --egg-base ../../build/light_follower_controller build --build-base /home/acer/continuum_arm_ws/build/light_follower_controller/build install --record /home/acer/continuum_arm_ws/build/light_follower_controller/install.log --single-version-externally-managed
[2.087s] DEBUG:colcon.colcon_core.event_handler.log_command:Invoking command in '/home/acer/continuum_arm_ws/src/continuum_arm_control': PYTHONPATH=/home/acer/continuum_arm_ws/build/continuum_arm_control/prefix_override:/usr/lib/python3/dist-packages/colcon_core/task/python/colcon_distutils_commands:/home/acer/continuum_arm_ws/install/continuum_arm_control/lib/python3.10/site-packages:${PYTHONPATH} /usr/bin/python3 -W ignore:setup.py install is deprecated setup.py egg_info --egg-base ../../build/continuum_arm_control build --build-base /home/acer/continuum_arm_ws/build/continuum_arm_control/build install --record /home/acer/continuum_arm_ws/build/continuum_arm_control/install.log --single-version-externally-managed
[2.484s] Level 1:colcon.colcon_core.environment:checking '/home/acer/continuum_arm_ws/install/light_follower_controller' for CMake module files
[2.485s] DEBUG:colcon.colcon_core.event_handler.log_command:Invoked command in '/home/acer/continuum_arm_ws/src/light_follower_controller' returned '0': PYTHONPATH=/home/acer/continuum_arm_ws/build/light_follower_controller/prefix_override:/usr/lib/python3/dist-packages/colcon_core/task/python/colcon_distutils_commands:/home/acer/continuum_arm_ws/install/light_follower_controller/lib/python3.10/site-packages:${PYTHONPATH} /usr/bin/python3 -W ignore:setup.py install is deprecated setup.py egg_info --egg-base ../../build/light_follower_controller build --build-base /home/acer/continuum_arm_ws/build/light_follower_controller/build install --record /home/acer/continuum_arm_ws/build/light_follower_controller/install.log --single-version-externally-managed
[2.486s] Level 1:colcon.colcon_core.environment:checking '/home/acer/continuum_arm_ws/install/light_follower_controller' for CMake config files
[2.487s] Level 1:colcon.colcon_core.environment:checking '/home/acer/continuum_arm_ws/install/light_follower_controller/lib'
[2.487s] Level 1:colcon.colcon_core.environment:checking '/home/acer/continuum_arm_ws/install/light_follower_controller/bin'
[2.488s] Level 1:colcon.colcon_core.environment:checking '/home/acer/continuum_arm_ws/install/light_follower_controller/lib/pkgconfig/light_follower_controller.pc'
[2.488s] Level 1:colcon.colcon_core.environment:checking '/home/acer/continuum_arm_ws/install/light_follower_controller/lib/python3.10/site-packages'
[2.488s] Level 1:colcon.colcon_core.shell:create_environment_hook('light_follower_controller', 'pythonpath')
[2.488s] INFO:colcon.colcon_core.shell:Creating environment hook '/home/acer/continuum_arm_ws/install/light_follower_controller/share/light_follower_controller/hook/pythonpath.ps1'
[2.489s] INFO:colcon.colcon_core.shell:Creating environment descriptor '/home/acer/continuum_arm_ws/install/light_follower_controller/share/light_follower_controller/hook/pythonpath.dsv'
[2.490s] INFO:colcon.colcon_core.shell:Creating environment hook '/home/acer/continuum_arm_ws/install/light_follower_controller/share/light_follower_controller/hook/pythonpath.sh'
[2.491s] Level 1:colcon.colcon_core.environment:checking '/home/acer/continuum_arm_ws/install/light_follower_controller/bin'
[2.491s] Level 1:colcon.colcon_core.environment:create_environment_scripts_only(light_follower_controller)
[2.492s] INFO:colcon.colcon_core.shell:Creating package script '/home/acer/continuum_arm_ws/install/light_follower_controller/share/light_follower_controller/package.ps1'
[2.493s] INFO:colcon.colcon_core.shell:Creating package descriptor '/home/acer/continuum_arm_ws/install/light_follower_controller/share/light_follower_controller/package.dsv'
[2.494s] INFO:colcon.colcon_core.shell:Creating package script '/home/acer/continuum_arm_ws/install/light_follower_controller/share/light_follower_controller/package.sh'
[2.495s] INFO:colcon.colcon_core.shell:Creating package script '/home/acer/continuum_arm_ws/install/light_follower_controller/share/light_follower_controller/package.bash'
[2.497s] INFO:colcon.colcon_core.shell:Creating package script '/home/acer/continuum_arm_ws/install/light_follower_controller/share/light_follower_controller/package.zsh'
[2.498s] Level 1:colcon.colcon_core.environment:create_file_with_runtime_dependencies(/home/acer/continuum_arm_ws/install/light_follower_controller/share/colcon-core/packages/light_follower_controller)
[2.528s] Level 1:colcon.colcon_core.environment:checking '/home/acer/continuum_arm_ws/install/continuum_arm_control' for CMake module files
[2.529s] DEBUG:colcon.colcon_core.event_handler.log_command:Invoked command in '/home/acer/continuum_arm_ws/src/continuum_arm_control' returned '0': PYTHONPATH=/home/acer/continuum_arm_ws/build/continuum_arm_control/prefix_override:/usr/lib/python3/dist-packages/colcon_core/task/python/colcon_distutils_commands:/home/acer/continuum_arm_ws/install/continuum_arm_control/lib/python3.10/site-packages:${PYTHONPATH} /usr/bin/python3 -W ignore:setup.py install is deprecated setup.py egg_info --egg-base ../../build/continuum_arm_control build --build-base /home/acer/continuum_arm_ws/build/continuum_arm_control/build install --record /home/acer/continuum_arm_ws/build/continuum_arm_control/install.log --single-version-externally-managed
[2.530s] Level 1:colcon.colcon_core.environment:checking '/home/acer/continuum_arm_ws/install/continuum_arm_control' for CMake config files
[2.531s] Level 1:colcon.colcon_core.environment:checking '/home/acer/continuum_arm_ws/install/continuum_arm_control/lib'
[2.532s] Level 1:colcon.colcon_core.environment:checking '/home/acer/continuum_arm_ws/install/continuum_arm_control/bin'
[2.532s] Level 1:colcon.colcon_core.environment:checking '/home/acer/continuum_arm_ws/install/continuum_arm_control/lib/pkgconfig/continuum_arm_control.pc'
[2.532s] Level 1:colcon.colcon_core.environment:checking '/home/acer/continuum_arm_ws/install/continuum_arm_control/lib/python3.10/site-packages'
[2.532s] Level 1:colcon.colcon_core.shell:create_environment_hook('continuum_arm_control', 'pythonpath')
[2.533s] INFO:colcon.colcon_core.shell:Creating environment hook '/home/acer/continuum_arm_ws/install/continuum_arm_control/share/continuum_arm_control/hook/pythonpath.ps1'
[2.534s] INFO:colcon.colcon_core.shell:Creating environment descriptor '/home/acer/continuum_arm_ws/install/continuum_arm_control/share/continuum_arm_control/hook/pythonpath.dsv'
[2.535s] INFO:colcon.colcon_core.shell:Creating environment hook '/home/acer/continuum_arm_ws/install/continuum_arm_control/share/continuum_arm_control/hook/pythonpath.sh'
[2.537s] Level 1:colcon.colcon_core.environment:checking '/home/acer/continuum_arm_ws/install/continuum_arm_control/bin'
[2.537s] Level 1:colcon.colcon_core.environment:create_environment_scripts_only(continuum_arm_control)
[2.538s] INFO:colcon.colcon_core.shell:Creating package script '/home/acer/continuum_arm_ws/install/continuum_arm_control/share/continuum_arm_control/package.ps1'
[2.539s] INFO:colcon.colcon_core.shell:Creating package descriptor '/home/acer/continuum_arm_ws/install/continuum_arm_control/share/continuum_arm_control/package.dsv'
[2.550s] INFO:colcon.colcon_core.shell:Creating package script '/home/acer/continuum_arm_ws/install/continuum_arm_control/share/continuum_arm_control/package.sh'
[2.564s] INFO:colcon.colcon_core.shell:Creating package script '/home/acer/continuum_arm_ws/install/continuum_arm_control/share/continuum_arm_control/package.bash'
[2.569s] INFO:colcon.colcon_core.shell:Creating package script '/home/acer/continuum_arm_ws/install/continuum_arm_control/share/continuum_arm_control/package.zsh'
[2.570s] Level 1:colcon.colcon_core.environment:create_file_with_runtime_dependencies(/home/acer/continuum_arm_ws/install/continuum_arm_control/share/colcon-core/packages/continuum_arm_control)
[2.572s] DEBUG:colcon.colcon_parallel_executor.executor.parallel:closing loop
[2.577s] DEBUG:colcon.colcon_parallel_executor.executor.parallel:loop closed
[2.577s] DEBUG:colcon.colcon_parallel_executor.executor.parallel:run_until_complete finished with '0'
[2.578s] DEBUG:colcon.colcon_core.event_reactor:joining thread
[2.594s] INFO:colcon.colcon_core.plugin_system:Skipping extension 'colcon_notification.desktop_notification.terminal_notifier': Not used on non-Darwin systems
[2.594s] INFO:colcon.colcon_core.plugin_system:Skipping extension 'colcon_notification.desktop_notification.win32': Not used on non-Windows systems
[2.594s] INFO:colcon.colcon_notification.desktop_notification:Sending desktop notification using 'notify2'
[2.653s] DEBUG:colcon.colcon_core.event_reactor:joined thread
[2.654s] INFO:colcon.colcon_core.shell:Creating prefix script '/home/acer/continuum_arm_ws/install/local_setup.ps1'
[2.664s] INFO:colcon.colcon_core.shell:Creating prefix util module '/home/acer/continuum_arm_ws/install/_local_setup_util_ps1.py'
[2.668s] INFO:colcon.colcon_core.shell:Creating prefix chain script '/home/acer/continuum_arm_ws/install/setup.ps1'
[2.670s] INFO:colcon.colcon_core.shell:Creating prefix script '/home/acer/continuum_arm_ws/install/local_setup.sh'
[2.672s] INFO:colcon.colcon_core.shell:Creating prefix util module '/home/acer/continuum_arm_ws/install/_local_setup_util_sh.py'
[2.674s] INFO:colcon.colcon_core.shell:Creating prefix chain script '/home/acer/continuum_arm_ws/install/setup.sh'
[2.676s] INFO:colcon.colcon_core.shell:Creating prefix script '/home/acer/continuum_arm_ws/install/local_setup.bash'
[2.677s] INFO:colcon.colcon_core.shell:Creating prefix chain script '/home/acer/continuum_arm_ws/install/setup.bash'
[2.679s] INFO:colcon.colcon_core.shell:Creating prefix script '/home/acer/continuum_arm_ws/install/local_setup.zsh'
[2.681s] INFO:colcon.colcon_core.shell:Creating prefix chain script '/home/acer/continuum_arm_ws/install/setup.zsh'
