[0.586s] Invoking command in '/home/acer/continuum_arm_ws/src/light_follower_contoller': PYTHONPATH=/home/acer/continuum_arm_ws/build/light_follower_contoller/prefix_override:/usr/lib/python3/dist-packages/colcon_core/task/python/colcon_distutils_commands:/home/acer/continuum_arm_ws/install/light_follower_contoller/lib/python3.10/site-packages:${PYTHONPATH} /usr/bin/python3 -W ignore:setup.py install is deprecated setup.py egg_info --egg-base ../../build/light_follower_contoller build --build-base /home/acer/continuum_arm_ws/build/light_follower_contoller/build install --record /home/acer/continuum_arm_ws/build/light_follower_contoller/install.log --single-version-externally-managed install_data
[0.715s] running egg_info
[0.719s] creating ../../build/light_follower_contoller/light_follower_contoller.egg-info
[0.719s] writing ../../build/light_follower_contoller/light_follower_contoller.egg-info/PKG-INFO
[0.719s] writing dependency_links to ../../build/light_follower_contoller/light_follower_contoller.egg-info/dependency_links.txt
[0.719s] writing entry points to ../../build/light_follower_contoller/light_follower_contoller.egg-info/entry_points.txt
[0.719s] writing requirements to ../../build/light_follower_contoller/light_follower_contoller.egg-info/requires.txt
[0.719s] writing top-level names to ../../build/light_follower_contoller/light_follower_contoller.egg-info/top_level.txt
[0.719s] writing manifest file '../../build/light_follower_contoller/light_follower_contoller.egg-info/SOURCES.txt'
[0.721s] reading manifest file '../../build/light_follower_contoller/light_follower_contoller.egg-info/SOURCES.txt'
[0.724s] writing manifest file '../../build/light_follower_contoller/light_follower_contoller.egg-info/SOURCES.txt'
[0.724s] running build
[0.724s] running build_py
[0.724s] creating /home/acer/continuum_arm_ws/build/light_follower_contoller/build
[0.724s] creating /home/acer/continuum_arm_ws/build/light_follower_contoller/build/lib
[0.724s] creating /home/acer/continuum_arm_ws/build/light_follower_contoller/build/lib/light_follower_contoller
[0.724s] copying light_follower_contoller/__init__.py -> /home/acer/continuum_arm_ws/build/light_follower_contoller/build/lib/light_follower_contoller
[0.724s] running install
[0.725s] running install_lib
[0.728s] creating /home/acer/continuum_arm_ws/install/light_follower_contoller/lib/python3.10/site-packages/light_follower_contoller
[0.728s] copying /home/acer/continuum_arm_ws/build/light_follower_contoller/build/lib/light_follower_contoller/__init__.py -> /home/acer/continuum_arm_ws/install/light_follower_contoller/lib/python3.10/site-packages/light_follower_contoller
[0.731s] byte-compiling /home/acer/continuum_arm_ws/install/light_follower_contoller/lib/python3.10/site-packages/light_follower_contoller/__init__.py to __init__.cpython-310.pyc
[0.731s] running install_data
[0.731s] creating /home/acer/continuum_arm_ws/install/light_follower_contoller/share/ament_index
[0.731s] creating /home/acer/continuum_arm_ws/install/light_follower_contoller/share/ament_index/resource_index
[0.731s] creating /home/acer/continuum_arm_ws/install/light_follower_contoller/share/ament_index/resource_index/packages
[0.732s] copying resource/light_follower_contoller -> /home/acer/continuum_arm_ws/install/light_follower_contoller/share/ament_index/resource_index/packages
[0.732s] copying package.xml -> /home/acer/continuum_arm_ws/install/light_follower_contoller/share/light_follower_contoller
[0.732s] running install_egg_info
[0.732s] Copying ../../build/light_follower_contoller/light_follower_contoller.egg-info to /home/acer/continuum_arm_ws/install/light_follower_contoller/lib/python3.10/site-packages/light_follower_contoller-0.0.0-py3.10.egg-info
[0.733s] running install_scripts
[0.752s] writing list of installed files to '/home/acer/continuum_arm_ws/build/light_follower_contoller/install.log'
[0.779s] Invoked command in '/home/acer/continuum_arm_ws/src/light_follower_contoller' returned '0': PYTHONPATH=/home/acer/continuum_arm_ws/build/light_follower_contoller/prefix_override:/usr/lib/python3/dist-packages/colcon_core/task/python/colcon_distutils_commands:/home/acer/continuum_arm_ws/install/light_follower_contoller/lib/python3.10/site-packages:${PYTHONPATH} /usr/bin/python3 -W ignore:setup.py install is deprecated setup.py egg_info --egg-base ../../build/light_follower_contoller build --build-base /home/acer/continuum_arm_ws/build/light_follower_contoller/build install --record /home/acer/continuum_arm_ws/build/light_follower_contoller/install.log --single-version-externally-managed install_data
