[0.067s] DEBUG:colcon:Command line arguments: ['/usr/bin/colcon', 'build']
[0.067s] DEBUG:colcon:Parsed command line arguments: Namespace(log_base=None, log_level=None, verb_name='build', build_base='build', install_base='install', merge_install=False, symlink_install=False, test_result_base=None, continue_on_error=False, executor='parallel', parallel_workers=4, event_handlers=None, ignore_user_meta=False, metas=['./colcon.meta'], base_paths=['.'], packages_ignore=None, packages_ignore_regex=None, paths=None, packages_up_to=None, packages_up_to_regex=None, packages_above=None, packages_above_and_dependencies=None, packages_above_depth=None, packages_select_by_dep=None, packages_skip_by_dep=None, packages_skip_up_to=None, packages_select_build_failed=False, packages_skip_build_finished=False, packages_select_test_failures=False, packages_skip_test_passed=False, packages_select=None, packages_skip=None, packages_select_regex=None, packages_skip_regex=None, packages_start=None, packages_end=None, allow_overriding=[], cmake_args=None, cmake_target=None, cmake_target_skip_unavailable=False, cmake_clean_cache=False, cmake_clean_first=False, cmake_force_configure=False, ament_cmake_args=None, catkin_cmake_args=None, catkin_skip_building_tests=False, verb_parser=<colcon_defaults.argument_parser.defaults.DefaultArgumentsDecorator object at 0x75e1a2ee3f70>, verb_extension=<colcon_core.verb.build.BuildVerb object at 0x75e1a3059420>, main=<bound method BuildVerb.main of <colcon_core.verb.build.BuildVerb object at 0x75e1a3059420>>)
[0.156s] Level 1:colcon.colcon_core.package_discovery:discover_packages(colcon_meta) check parameters
[0.156s] Level 1:colcon.colcon_core.package_discovery:discover_packages(recursive) check parameters
[0.156s] Level 1:colcon.colcon_core.package_discovery:discover_packages(ignore) check parameters
[0.156s] Level 1:colcon.colcon_core.package_discovery:discover_packages(path) check parameters
[0.156s] Level 1:colcon.colcon_core.package_discovery:discover_packages(colcon_meta) discover
[0.156s] Level 1:colcon.colcon_core.package_discovery:discover_packages(recursive) discover
[0.156s] INFO:colcon.colcon_core.package_discovery:Crawling recursively for packages in '/home/acer/continuum_arm_ws'
[0.156s] Level 1:colcon.colcon_core.package_identification:_identify(.) by extensions ['ignore', 'ignore_ament_install']
[0.157s] Level 1:colcon.colcon_core.package_identification:_identify(.) by extension 'ignore'
[0.157s] Level 1:colcon.colcon_core.package_identification:_identify(.) by extension 'ignore_ament_install'
[0.157s] Level 1:colcon.colcon_core.package_identification:_identify(.) by extensions ['colcon_pkg']
[0.158s] Level 1:colcon.colcon_core.package_identification:_identify(.) by extension 'colcon_pkg'
[0.158s] Level 1:colcon.colcon_core.package_identification:_identify(.) by extensions ['colcon_meta']
[0.158s] Level 1:colcon.colcon_core.package_identification:_identify(.) by extension 'colcon_meta'
[0.158s] Level 1:colcon.colcon_core.package_identification:_identify(.) by extensions ['ros']
[0.158s] Level 1:colcon.colcon_core.package_identification:_identify(.) by extension 'ros'
[0.166s] Level 1:colcon.colcon_core.package_identification:_identify(.) by extensions ['cmake', 'python']
[0.166s] Level 1:colcon.colcon_core.package_identification:_identify(.) by extension 'cmake'
[0.166s] Level 1:colcon.colcon_core.package_identification:_identify(.) by extension 'python'
[0.166s] Level 1:colcon.colcon_core.package_identification:_identify(.) by extensions ['python_setup_py']
[0.166s] Level 1:colcon.colcon_core.package_identification:_identify(.) by extension 'python_setup_py'
[0.166s] Level 1:colcon.colcon_core.package_identification:_identify(build) by extensions ['ignore', 'ignore_ament_install']
[0.167s] Level 1:colcon.colcon_core.package_identification:_identify(build) by extension 'ignore'
[0.167s] Level 1:colcon.colcon_core.package_identification:_identify(build) ignored
[0.167s] Level 1:colcon.colcon_core.package_identification:_identify(install) by extensions ['ignore', 'ignore_ament_install']
[0.167s] Level 1:colcon.colcon_core.package_identification:_identify(install) by extension 'ignore'
[0.167s] Level 1:colcon.colcon_core.package_identification:_identify(install) ignored
[0.167s] Level 1:colcon.colcon_core.package_identification:_identify(log) by extensions ['ignore', 'ignore_ament_install']
[0.167s] Level 1:colcon.colcon_core.package_identification:_identify(log) by extension 'ignore'
[0.167s] Level 1:colcon.colcon_core.package_identification:_identify(log) ignored
[0.167s] Level 1:colcon.colcon_core.package_identification:_identify(src) by extensions ['ignore', 'ignore_ament_install']
[0.167s] Level 1:colcon.colcon_core.package_identification:_identify(src) by extension 'ignore'
[0.167s] Level 1:colcon.colcon_core.package_identification:_identify(src) by extension 'ignore_ament_install'
[0.167s] Level 1:colcon.colcon_core.package_identification:_identify(src) by extensions ['colcon_pkg']
[0.167s] Level 1:colcon.colcon_core.package_identification:_identify(src) by extension 'colcon_pkg'
[0.167s] Level 1:colcon.colcon_core.package_identification:_identify(src) by extensions ['colcon_meta']
[0.167s] Level 1:colcon.colcon_core.package_identification:_identify(src) by extension 'colcon_meta'
[0.167s] Level 1:colcon.colcon_core.package_identification:_identify(src) by extensions ['ros']
[0.167s] Level 1:colcon.colcon_core.package_identification:_identify(src) by extension 'ros'
[0.167s] Level 1:colcon.colcon_core.package_identification:_identify(src) by extensions ['cmake', 'python']
[0.167s] Level 1:colcon.colcon_core.package_identification:_identify(src) by extension 'cmake'
[0.167s] Level 1:colcon.colcon_core.package_identification:_identify(src) by extension 'python'
[0.167s] Level 1:colcon.colcon_core.package_identification:_identify(src) by extensions ['python_setup_py']
[0.167s] Level 1:colcon.colcon_core.package_identification:_identify(src) by extension 'python_setup_py'
[0.167s] Level 1:colcon.colcon_core.package_identification:_identify(src/continuum_arm_control) by extensions ['ignore', 'ignore_ament_install']
[0.167s] Level 1:colcon.colcon_core.package_identification:_identify(src/continuum_arm_control) by extension 'ignore'
[0.167s] Level 1:colcon.colcon_core.package_identification:_identify(src/continuum_arm_control) by extension 'ignore_ament_install'
[0.167s] Level 1:colcon.colcon_core.package_identification:_identify(src/continuum_arm_control) by extensions ['colcon_pkg']
[0.167s] Level 1:colcon.colcon_core.package_identification:_identify(src/continuum_arm_control) by extension 'colcon_pkg'
[0.167s] Level 1:colcon.colcon_core.package_identification:_identify(src/continuum_arm_control) by extensions ['colcon_meta']
[0.167s] Level 1:colcon.colcon_core.package_identification:_identify(src/continuum_arm_control) by extension 'colcon_meta'
[0.167s] Level 1:colcon.colcon_core.package_identification:_identify(src/continuum_arm_control) by extensions ['ros']
[0.167s] Level 1:colcon.colcon_core.package_identification:_identify(src/continuum_arm_control) by extension 'ros'
[0.169s] DEBUG:colcon.colcon_core.package_identification:Package 'src/continuum_arm_control' with type 'ros.ament_python' and name 'continuum_arm_control'
[0.170s] Level 1:colcon.colcon_core.package_identification:_identify(src/light_follower_contoller) by extensions ['ignore', 'ignore_ament_install']
[0.170s] Level 1:colcon.colcon_core.package_identification:_identify(src/light_follower_contoller) by extension 'ignore'
[0.170s] Level 1:colcon.colcon_core.package_identification:_identify(src/light_follower_contoller) by extension 'ignore_ament_install'
[0.170s] Level 1:colcon.colcon_core.package_identification:_identify(src/light_follower_contoller) by extensions ['colcon_pkg']
[0.170s] Level 1:colcon.colcon_core.package_identification:_identify(src/light_follower_contoller) by extension 'colcon_pkg'
[0.170s] Level 1:colcon.colcon_core.package_identification:_identify(src/light_follower_contoller) by extensions ['colcon_meta']
[0.170s] Level 1:colcon.colcon_core.package_identification:_identify(src/light_follower_contoller) by extension 'colcon_meta'
[0.170s] Level 1:colcon.colcon_core.package_identification:_identify(src/light_follower_contoller) by extensions ['ros']
[0.170s] Level 1:colcon.colcon_core.package_identification:_identify(src/light_follower_contoller) by extension 'ros'
[0.170s] DEBUG:colcon.colcon_core.package_identification:Package 'src/light_follower_contoller' with type 'ros.ament_python' and name 'light_follower_contoller'
[0.170s] Level 1:colcon.colcon_core.package_discovery:discover_packages(recursive) using defaults
[0.170s] Level 1:colcon.colcon_core.package_discovery:discover_packages(ignore) discover
[0.170s] Level 1:colcon.colcon_core.package_discovery:discover_packages(ignore) using defaults
[0.170s] Level 1:colcon.colcon_core.package_discovery:discover_packages(path) discover
[0.170s] Level 1:colcon.colcon_core.package_discovery:discover_packages(path) using defaults
[0.184s] Level 1:colcon.colcon_core.package_discovery:discover_packages(prefix_path) check parameters
[0.184s] Level 1:colcon.colcon_core.package_discovery:discover_packages(prefix_path) discover
[0.186s] DEBUG:colcon.colcon_installed_package_information.package_discovery:Found 271 installed packages in /opt/ros/humble
[0.187s] Level 1:colcon.colcon_core.package_discovery:discover_packages(prefix_path) using defaults
[0.217s] Level 5:colcon.colcon_core.verb:set package 'continuum_arm_control' build argument 'cmake_args' from command line to 'None'
[0.217s] Level 5:colcon.colcon_core.verb:set package 'continuum_arm_control' build argument 'cmake_target' from command line to 'None'
[0.217s] Level 5:colcon.colcon_core.verb:set package 'continuum_arm_control' build argument 'cmake_target_skip_unavailable' from command line to 'False'
[0.217s] Level 5:colcon.colcon_core.verb:set package 'continuum_arm_control' build argument 'cmake_clean_cache' from command line to 'False'
[0.217s] Level 5:colcon.colcon_core.verb:set package 'continuum_arm_control' build argument 'cmake_clean_first' from command line to 'False'
[0.217s] Level 5:colcon.colcon_core.verb:set package 'continuum_arm_control' build argument 'cmake_force_configure' from command line to 'False'
[0.217s] Level 5:colcon.colcon_core.verb:set package 'continuum_arm_control' build argument 'ament_cmake_args' from command line to 'None'
[0.217s] Level 5:colcon.colcon_core.verb:set package 'continuum_arm_control' build argument 'catkin_cmake_args' from command line to 'None'
[0.217s] Level 5:colcon.colcon_core.verb:set package 'continuum_arm_control' build argument 'catkin_skip_building_tests' from command line to 'False'
[0.217s] DEBUG:colcon.colcon_core.verb:Building package 'continuum_arm_control' with the following arguments: {'ament_cmake_args': None, 'build_base': '/home/acer/continuum_arm_ws/build/continuum_arm_control', 'catkin_cmake_args': None, 'catkin_skip_building_tests': False, 'cmake_args': None, 'cmake_clean_cache': False, 'cmake_clean_first': False, 'cmake_force_configure': False, 'cmake_target': None, 'cmake_target_skip_unavailable': False, 'install_base': '/home/acer/continuum_arm_ws/install/continuum_arm_control', 'merge_install': False, 'path': '/home/acer/continuum_arm_ws/src/continuum_arm_control', 'symlink_install': False, 'test_result_base': None}
[0.218s] Level 5:colcon.colcon_core.verb:set package 'light_follower_contoller' build argument 'cmake_args' from command line to 'None'
[0.218s] Level 5:colcon.colcon_core.verb:set package 'light_follower_contoller' build argument 'cmake_target' from command line to 'None'
[0.218s] Level 5:colcon.colcon_core.verb:set package 'light_follower_contoller' build argument 'cmake_target_skip_unavailable' from command line to 'False'
[0.218s] Level 5:colcon.colcon_core.verb:set package 'light_follower_contoller' build argument 'cmake_clean_cache' from command line to 'False'
[0.218s] Level 5:colcon.colcon_core.verb:set package 'light_follower_contoller' build argument 'cmake_clean_first' from command line to 'False'
[0.218s] Level 5:colcon.colcon_core.verb:set package 'light_follower_contoller' build argument 'cmake_force_configure' from command line to 'False'
[0.218s] Level 5:colcon.colcon_core.verb:set package 'light_follower_contoller' build argument 'ament_cmake_args' from command line to 'None'
[0.218s] Level 5:colcon.colcon_core.verb:set package 'light_follower_contoller' build argument 'catkin_cmake_args' from command line to 'None'
[0.218s] Level 5:colcon.colcon_core.verb:set package 'light_follower_contoller' build argument 'catkin_skip_building_tests' from command line to 'False'
[0.218s] DEBUG:colcon.colcon_core.verb:Building package 'light_follower_contoller' with the following arguments: {'ament_cmake_args': None, 'build_base': '/home/acer/continuum_arm_ws/build/light_follower_contoller', 'catkin_cmake_args': None, 'catkin_skip_building_tests': False, 'cmake_args': None, 'cmake_clean_cache': False, 'cmake_clean_first': False, 'cmake_force_configure': False, 'cmake_target': None, 'cmake_target_skip_unavailable': False, 'install_base': '/home/acer/continuum_arm_ws/install/light_follower_contoller', 'merge_install': False, 'path': '/home/acer/continuum_arm_ws/src/light_follower_contoller', 'symlink_install': False, 'test_result_base': None}
[0.218s] INFO:colcon.colcon_core.executor:Executing jobs using 'parallel' executor
[0.220s] DEBUG:colcon.colcon_parallel_executor.executor.parallel:run_until_complete
[0.220s] INFO:colcon.colcon_ros.task.ament_python.build:Building ROS package in '/home/acer/continuum_arm_ws/src/continuum_arm_control' with build type 'ament_python'
[0.220s] Level 1:colcon.colcon_core.shell:create_environment_hook('continuum_arm_control', 'ament_prefix_path')
[0.222s] INFO:colcon.colcon_core.plugin_system:Skipping extension 'colcon_core.shell.bat': Not used on non-Windows systems
[0.223s] INFO:colcon.colcon_core.shell:Creating environment hook '/home/acer/continuum_arm_ws/install/continuum_arm_control/share/continuum_arm_control/hook/ament_prefix_path.ps1'
[0.224s] INFO:colcon.colcon_core.shell:Creating environment descriptor '/home/acer/continuum_arm_ws/install/continuum_arm_control/share/continuum_arm_control/hook/ament_prefix_path.dsv'
[0.225s] INFO:colcon.colcon_core.shell:Creating environment hook '/home/acer/continuum_arm_ws/install/continuum_arm_control/share/continuum_arm_control/hook/ament_prefix_path.sh'
[0.226s] INFO:colcon.colcon_core.shell:Skip shell extension 'powershell' for command environment: Not usable outside of PowerShell
[0.226s] DEBUG:colcon.colcon_core.shell:Skip shell extension 'dsv' for command environment
[0.230s] INFO:colcon.colcon_ros.task.ament_python.build:Building ROS package in '/home/acer/continuum_arm_ws/src/light_follower_contoller' with build type 'ament_python'
[0.230s] Level 1:colcon.colcon_core.shell:create_environment_hook('light_follower_contoller', 'ament_prefix_path')
[0.230s] INFO:colcon.colcon_core.shell:Creating environment hook '/home/acer/continuum_arm_ws/install/light_follower_contoller/share/light_follower_contoller/hook/ament_prefix_path.ps1'
[0.231s] INFO:colcon.colcon_core.shell:Creating environment descriptor '/home/acer/continuum_arm_ws/install/light_follower_contoller/share/light_follower_contoller/hook/ament_prefix_path.dsv'
[0.231s] INFO:colcon.colcon_core.shell:Creating environment hook '/home/acer/continuum_arm_ws/install/light_follower_contoller/share/light_follower_contoller/hook/ament_prefix_path.sh'
[0.232s] INFO:colcon.colcon_core.shell:Skip shell extension 'powershell' for command environment: Not usable outside of PowerShell
[0.232s] DEBUG:colcon.colcon_core.shell:Skip shell extension 'dsv' for command environment
[0.385s] WARNING:colcon.colcon_ros.task.ament_python.build:Package 'continuum_arm_control' doesn't explicitly install a marker in the package index (colcon-ros currently does it implicitly but that fallback will be removed in the future)
[0.389s] WARNING:colcon.colcon_ros.task.ament_python.build:Package 'continuum_arm_control' doesn't explicitly install the 'package.xml' file (colcon-ros currently does it implicitly but that fallback will be removed in the future)
[0.390s] INFO:colcon.colcon_core.task.python.build:Building Python package in '/home/acer/continuum_arm_ws/src/continuum_arm_control'
[0.394s] INFO:colcon.colcon_core.shell:Skip shell extension 'powershell' for command environment: Not usable outside of PowerShell
[0.395s] DEBUG:colcon.colcon_core.shell:Skip shell extension 'dsv' for command environment
[0.574s] INFO:colcon.colcon_core.task.python.build:Building Python package in '/home/acer/continuum_arm_ws/src/light_follower_contoller'
[0.575s] INFO:colcon.colcon_core.shell:Skip shell extension 'powershell' for command environment: Not usable outside of PowerShell
[0.575s] DEBUG:colcon.colcon_core.shell:Skip shell extension 'dsv' for command environment
[0.820s] DEBUG:colcon.colcon_core.event_handler.log_command:Invoking command in '/home/acer/continuum_arm_ws/src/continuum_arm_control': PYTHONPATH=/home/acer/continuum_arm_ws/build/continuum_arm_control/prefix_override:/usr/lib/python3/dist-packages/colcon_core/task/python/colcon_distutils_commands:/home/acer/continuum_arm_ws/install/continuum_arm_control/lib/python3.10/site-packages:${PYTHONPATH} /usr/bin/python3 -W ignore:setup.py install is deprecated setup.py egg_info --egg-base ../../build/continuum_arm_control build --build-base /home/acer/continuum_arm_ws/build/continuum_arm_control/build install --record /home/acer/continuum_arm_ws/build/continuum_arm_control/install.log --single-version-externally-managed
[0.827s] DEBUG:colcon.colcon_core.event_handler.log_command:Invoking command in '/home/acer/continuum_arm_ws/src/light_follower_contoller': PYTHONPATH=/home/acer/continuum_arm_ws/build/light_follower_contoller/prefix_override:/usr/lib/python3/dist-packages/colcon_core/task/python/colcon_distutils_commands:/home/acer/continuum_arm_ws/install/light_follower_contoller/lib/python3.10/site-packages:${PYTHONPATH} /usr/bin/python3 -W ignore:setup.py install is deprecated setup.py egg_info --egg-base ../../build/light_follower_contoller build --build-base /home/acer/continuum_arm_ws/build/light_follower_contoller/build install --record /home/acer/continuum_arm_ws/build/light_follower_contoller/install.log --single-version-externally-managed install_data
[1.020s] DEBUG:colcon.colcon_core.event_handler.log_command:Invoked command in '/home/acer/continuum_arm_ws/src/continuum_arm_control' returned '0': PYTHONPATH=/home/acer/continuum_arm_ws/build/continuum_arm_control/prefix_override:/usr/lib/python3/dist-packages/colcon_core/task/python/colcon_distutils_commands:/home/acer/continuum_arm_ws/install/continuum_arm_control/lib/python3.10/site-packages:${PYTHONPATH} /usr/bin/python3 -W ignore:setup.py install is deprecated setup.py egg_info --egg-base ../../build/continuum_arm_control build --build-base /home/acer/continuum_arm_ws/build/continuum_arm_control/build install --record /home/acer/continuum_arm_ws/build/continuum_arm_control/install.log --single-version-externally-managed
[1.022s] Level 1:colcon.colcon_core.environment:checking '/home/acer/continuum_arm_ws/install/continuum_arm_control' for CMake module files
[1.022s] Level 1:colcon.colcon_core.environment:checking '/home/acer/continuum_arm_ws/install/continuum_arm_control' for CMake config files
[1.023s] Level 1:colcon.colcon_core.environment:checking '/home/acer/continuum_arm_ws/install/continuum_arm_control/lib'
[1.023s] Level 1:colcon.colcon_core.environment:checking '/home/acer/continuum_arm_ws/install/continuum_arm_control/bin'
[1.023s] Level 1:colcon.colcon_core.environment:checking '/home/acer/continuum_arm_ws/install/continuum_arm_control/lib/pkgconfig/continuum_arm_control.pc'
[1.023s] Level 1:colcon.colcon_core.environment:checking '/home/acer/continuum_arm_ws/install/continuum_arm_control/lib/python3.10/site-packages'
[1.023s] Level 1:colcon.colcon_core.shell:create_environment_hook('continuum_arm_control', 'pythonpath')
[1.024s] INFO:colcon.colcon_core.shell:Creating environment hook '/home/acer/continuum_arm_ws/install/continuum_arm_control/share/continuum_arm_control/hook/pythonpath.ps1'
[1.024s] INFO:colcon.colcon_core.shell:Creating environment descriptor '/home/acer/continuum_arm_ws/install/continuum_arm_control/share/continuum_arm_control/hook/pythonpath.dsv'
[1.025s] INFO:colcon.colcon_core.shell:Creating environment hook '/home/acer/continuum_arm_ws/install/continuum_arm_control/share/continuum_arm_control/hook/pythonpath.sh'
[1.026s] Level 1:colcon.colcon_core.environment:checking '/home/acer/continuum_arm_ws/install/continuum_arm_control/bin'
[1.026s] Level 1:colcon.colcon_core.environment:create_environment_scripts_only(continuum_arm_control)
[1.027s] INFO:colcon.colcon_core.shell:Creating package script '/home/acer/continuum_arm_ws/install/continuum_arm_control/share/continuum_arm_control/package.ps1'
[1.027s] INFO:colcon.colcon_core.shell:Creating package descriptor '/home/acer/continuum_arm_ws/install/continuum_arm_control/share/continuum_arm_control/package.dsv'
[1.028s] INFO:colcon.colcon_core.shell:Creating package script '/home/acer/continuum_arm_ws/install/continuum_arm_control/share/continuum_arm_control/package.sh'
[1.029s] INFO:colcon.colcon_core.shell:Creating package script '/home/acer/continuum_arm_ws/install/continuum_arm_control/share/continuum_arm_control/package.bash'
[1.030s] INFO:colcon.colcon_core.shell:Creating package script '/home/acer/continuum_arm_ws/install/continuum_arm_control/share/continuum_arm_control/package.zsh'
[1.030s] Level 1:colcon.colcon_core.environment:create_file_with_runtime_dependencies(/home/acer/continuum_arm_ws/install/continuum_arm_control/share/colcon-core/packages/continuum_arm_control)
[1.032s] Level 1:colcon.colcon_core.environment:checking '/home/acer/continuum_arm_ws/install/light_follower_contoller' for CMake module files
[1.032s] Level 1:colcon.colcon_core.environment:checking '/home/acer/continuum_arm_ws/install/light_follower_contoller' for CMake config files
[1.033s] Level 1:colcon.colcon_core.environment:checking '/home/acer/continuum_arm_ws/install/light_follower_contoller/lib'
[1.034s] Level 1:colcon.colcon_core.environment:checking '/home/acer/continuum_arm_ws/install/light_follower_contoller/bin'
[1.035s] DEBUG:colcon.colcon_core.event_handler.log_command:Invoked command in '/home/acer/continuum_arm_ws/src/light_follower_contoller' returned '0': PYTHONPATH=/home/acer/continuum_arm_ws/build/light_follower_contoller/prefix_override:/usr/lib/python3/dist-packages/colcon_core/task/python/colcon_distutils_commands:/home/acer/continuum_arm_ws/install/light_follower_contoller/lib/python3.10/site-packages:${PYTHONPATH} /usr/bin/python3 -W ignore:setup.py install is deprecated setup.py egg_info --egg-base ../../build/light_follower_contoller build --build-base /home/acer/continuum_arm_ws/build/light_follower_contoller/build install --record /home/acer/continuum_arm_ws/build/light_follower_contoller/install.log --single-version-externally-managed install_data
[1.035s] Level 1:colcon.colcon_core.environment:checking '/home/acer/continuum_arm_ws/install/light_follower_contoller/lib/pkgconfig/light_follower_contoller.pc'
[1.035s] Level 1:colcon.colcon_core.environment:checking '/home/acer/continuum_arm_ws/install/light_follower_contoller/lib/python3.10/site-packages'
[1.035s] Level 1:colcon.colcon_core.shell:create_environment_hook('light_follower_contoller', 'pythonpath')
[1.036s] INFO:colcon.colcon_core.shell:Creating environment hook '/home/acer/continuum_arm_ws/install/light_follower_contoller/share/light_follower_contoller/hook/pythonpath.ps1'
[1.036s] INFO:colcon.colcon_core.shell:Creating environment descriptor '/home/acer/continuum_arm_ws/install/light_follower_contoller/share/light_follower_contoller/hook/pythonpath.dsv'
[1.037s] INFO:colcon.colcon_core.shell:Creating environment hook '/home/acer/continuum_arm_ws/install/light_follower_contoller/share/light_follower_contoller/hook/pythonpath.sh'
[1.038s] Level 1:colcon.colcon_core.environment:checking '/home/acer/continuum_arm_ws/install/light_follower_contoller/bin'
[1.038s] Level 1:colcon.colcon_core.environment:create_environment_scripts_only(light_follower_contoller)
[1.038s] INFO:colcon.colcon_core.shell:Creating package script '/home/acer/continuum_arm_ws/install/light_follower_contoller/share/light_follower_contoller/package.ps1'
[1.038s] INFO:colcon.colcon_core.shell:Creating package descriptor '/home/acer/continuum_arm_ws/install/light_follower_contoller/share/light_follower_contoller/package.dsv'
[1.039s] INFO:colcon.colcon_core.shell:Creating package script '/home/acer/continuum_arm_ws/install/light_follower_contoller/share/light_follower_contoller/package.sh'
[1.039s] INFO:colcon.colcon_core.shell:Creating package script '/home/acer/continuum_arm_ws/install/light_follower_contoller/share/light_follower_contoller/package.bash'
[1.040s] INFO:colcon.colcon_core.shell:Creating package script '/home/acer/continuum_arm_ws/install/light_follower_contoller/share/light_follower_contoller/package.zsh'
[1.040s] Level 1:colcon.colcon_core.environment:create_file_with_runtime_dependencies(/home/acer/continuum_arm_ws/install/light_follower_contoller/share/colcon-core/packages/light_follower_contoller)
[1.041s] DEBUG:colcon.colcon_parallel_executor.executor.parallel:closing loop
[1.041s] DEBUG:colcon.colcon_parallel_executor.executor.parallel:loop closed
[1.041s] DEBUG:colcon.colcon_parallel_executor.executor.parallel:run_until_complete finished with '0'
[1.041s] DEBUG:colcon.colcon_core.event_reactor:joining thread
[1.047s] INFO:colcon.colcon_core.plugin_system:Skipping extension 'colcon_notification.desktop_notification.terminal_notifier': Not used on non-Darwin systems
[1.047s] INFO:colcon.colcon_core.plugin_system:Skipping extension 'colcon_notification.desktop_notification.win32': Not used on non-Windows systems
[1.047s] INFO:colcon.colcon_notification.desktop_notification:Sending desktop notification using 'notify2'
[1.083s] DEBUG:colcon.colcon_core.event_reactor:joined thread
[1.083s] INFO:colcon.colcon_core.shell:Creating prefix script '/home/acer/continuum_arm_ws/install/local_setup.ps1'
[1.084s] INFO:colcon.colcon_core.shell:Creating prefix util module '/home/acer/continuum_arm_ws/install/_local_setup_util_ps1.py'
[1.086s] INFO:colcon.colcon_core.shell:Creating prefix chain script '/home/acer/continuum_arm_ws/install/setup.ps1'
[1.087s] INFO:colcon.colcon_core.shell:Creating prefix script '/home/acer/continuum_arm_ws/install/local_setup.sh'
[1.087s] INFO:colcon.colcon_core.shell:Creating prefix util module '/home/acer/continuum_arm_ws/install/_local_setup_util_sh.py'
[1.088s] INFO:colcon.colcon_core.shell:Creating prefix chain script '/home/acer/continuum_arm_ws/install/setup.sh'
[1.089s] INFO:colcon.colcon_core.shell:Creating prefix script '/home/acer/continuum_arm_ws/install/local_setup.bash'
[1.089s] INFO:colcon.colcon_core.shell:Creating prefix chain script '/home/acer/continuum_arm_ws/install/setup.bash'
[1.090s] INFO:colcon.colcon_core.shell:Creating prefix script '/home/acer/continuum_arm_ws/install/local_setup.zsh'
[1.091s] INFO:colcon.colcon_core.shell:Creating prefix chain script '/home/acer/continuum_arm_ws/install/setup.zsh'
