[0.604s] Invoking command in '/home/acer/continuum_arm_ws/src/continuum_arm_control': PYTHONPATH=/home/acer/continuum_arm_ws/build/continuum_arm_control/prefix_override:/usr/lib/python3/dist-packages/colcon_core/task/python/colcon_distutils_commands:/home/acer/continuum_arm_ws/install/continuum_arm_control/lib/python3.10/site-packages:${PYTHONPATH} /usr/bin/python3 -W ignore:setup.py install is deprecated setup.py egg_info --egg-base ../../build/continuum_arm_control build --build-base /home/acer/continuum_arm_ws/build/continuum_arm_control/build install --record /home/acer/continuum_arm_ws/build/continuum_arm_control/install.log --single-version-externally-managed
[0.739s] running egg_info
[0.740s] writing ../../build/continuum_arm_control/continuum_arm_control.egg-info/PKG-INFO
[0.740s] writing dependency_links to ../../build/continuum_arm_control/continuum_arm_control.egg-info/dependency_links.txt
[0.740s] writing entry points to ../../build/continuum_arm_control/continuum_arm_control.egg-info/entry_points.txt
[0.740s] writing requirements to ../../build/continuum_arm_control/continuum_arm_control.egg-info/requires.txt
[0.740s] writing top-level names to ../../build/continuum_arm_control/continuum_arm_control.egg-info/top_level.txt
[0.744s] reading manifest file '../../build/continuum_arm_control/continuum_arm_control.egg-info/SOURCES.txt'
[0.744s] writing manifest file '../../build/continuum_arm_control/continuum_arm_control.egg-info/SOURCES.txt'
[0.744s] running build
[0.744s] running build_py
[0.745s] running install
[0.746s] running install_lib
[0.747s] running install_egg_info
[0.749s] removing '/home/acer/continuum_arm_ws/install/continuum_arm_control/lib/python3.10/site-packages/continuum_arm_control-0.0.0-py3.10.egg-info' (and everything under it)
[0.758s] Copying ../../build/continuum_arm_control/continuum_arm_control.egg-info to /home/acer/continuum_arm_ws/install/continuum_arm_control/lib/python3.10/site-packages/continuum_arm_control-0.0.0-py3.10.egg-info
[0.758s] running install_scripts
[0.774s] Installing arm_controller script to /home/acer/continuum_arm_ws/install/continuum_arm_control/lib/continuum_arm_control
[0.776s] writing list of installed files to '/home/acer/continuum_arm_ws/build/continuum_arm_control/install.log'
[0.798s] Invoked command in '/home/acer/continuum_arm_ws/src/continuum_arm_control' returned '0': PYTHONPATH=/home/acer/continuum_arm_ws/build/continuum_arm_control/prefix_override:/usr/lib/python3/dist-packages/colcon_core/task/python/colcon_distutils_commands:/home/acer/continuum_arm_ws/install/continuum_arm_control/lib/python3.10/site-packages:${PYTHONPATH} /usr/bin/python3 -W ignore:setup.py install is deprecated setup.py egg_info --egg-base ../../build/continuum_arm_control build --build-base /home/acer/continuum_arm_ws/build/continuum_arm_control/build install --record /home/acer/continuum_arm_ws/build/continuum_arm_control/install.log --single-version-externally-managed
