[1.364s] Invoking command in '/home/acer/continuum_arm_ws/src/light_follower_controller': PYTHONPATH=/home/acer/continuum_arm_ws/build/light_follower_controller/prefix_override:/usr/lib/python3/dist-packages/colcon_core/task/python/colcon_distutils_commands:/home/acer/continuum_arm_ws/install/light_follower_controller/lib/python3.10/site-packages:${PYTHONPATH} /usr/bin/python3 -W ignore:setup.py install is deprecated setup.py egg_info --egg-base ../../build/light_follower_controller build --build-base /home/acer/continuum_arm_ws/build/light_follower_controller/build install --record /home/acer/continuum_arm_ws/build/light_follower_controller/install.log --single-version-externally-managed
[1.653s] running egg_info
[1.668s] creating ../../build/light_follower_controller/light_follower_controller.egg-info
[1.668s] writing ../../build/light_follower_controller/light_follower_controller.egg-info/PKG-INFO
[1.668s] writing dependency_links to ../../build/light_follower_controller/light_follower_controller.egg-info/dependency_links.txt
[1.668s] writing entry points to ../../build/light_follower_controller/light_follower_controller.egg-info/entry_points.txt
[1.669s] writing requirements to ../../build/light_follower_controller/light_follower_controller.egg-info/requires.txt
[1.669s] writing top-level names to ../../build/light_follower_controller/light_follower_controller.egg-info/top_level.txt
[1.669s] writing manifest file '../../build/light_follower_controller/light_follower_controller.egg-info/SOURCES.txt'
[1.669s] reading manifest file '../../build/light_follower_controller/light_follower_controller.egg-info/SOURCES.txt'
[1.669s] writing manifest file '../../build/light_follower_controller/light_follower_controller.egg-info/SOURCES.txt'
[1.669s] running build
[1.669s] running build_py
[1.669s] creating /home/acer/continuum_arm_ws/build/light_follower_controller/build
[1.669s] creating /home/acer/continuum_arm_ws/build/light_follower_controller/build/lib
[1.669s] creating /home/acer/continuum_arm_ws/build/light_follower_controller/build/lib/light_follower_controller
[1.669s] copying light_follower_controller/__init__.py -> /home/acer/continuum_arm_ws/build/light_follower_controller/build/lib/light_follower_controller
[1.669s] copying light_follower_controller/light_sensing_node.py -> /home/acer/continuum_arm_ws/build/light_follower_controller/build/lib/light_follower_controller
[1.670s] copying light_follower_controller/motor_controller.py -> /home/acer/continuum_arm_ws/build/light_follower_controller/build/lib/light_follower_controller
[1.675s] running install
[1.682s] running install_lib
[1.687s] creating /home/acer/continuum_arm_ws/install/light_follower_controller/lib/python3.10/site-packages/light_follower_controller
[1.692s] copying /home/acer/continuum_arm_ws/build/light_follower_controller/build/lib/light_follower_controller/motor_controller.py -> /home/acer/continuum_arm_ws/install/light_follower_controller/lib/python3.10/site-packages/light_follower_controller
[1.694s] copying /home/acer/continuum_arm_ws/build/light_follower_controller/build/lib/light_follower_controller/light_sensing_node.py -> /home/acer/continuum_arm_ws/install/light_follower_controller/lib/python3.10/site-packages/light_follower_controller
[1.712s] copying /home/acer/continuum_arm_ws/build/light_follower_controller/build/lib/light_follower_controller/__init__.py -> /home/acer/continuum_arm_ws/install/light_follower_controller/lib/python3.10/site-packages/light_follower_controller
[1.712s] byte-compiling /home/acer/continuum_arm_ws/install/light_follower_controller/lib/python3.10/site-packages/light_follower_controller/motor_controller.py to motor_controller.cpython-310.pyc
[1.712s] byte-compiling /home/acer/continuum_arm_ws/install/light_follower_controller/lib/python3.10/site-packages/light_follower_controller/light_sensing_node.py to light_sensing_node.cpython-310.pyc
[1.712s] byte-compiling /home/acer/continuum_arm_ws/install/light_follower_controller/lib/python3.10/site-packages/light_follower_controller/__init__.py to __init__.cpython-310.pyc
[1.712s] running install_egg_info
[1.712s] Copying ../../build/light_follower_controller/light_follower_controller.egg-info to /home/acer/continuum_arm_ws/install/light_follower_controller/lib/python3.10/site-packages/light_follower_controller-0.0.0-py3.10.egg-info
[1.712s] running install_scripts
[1.722s] Installing light_sensing_node script to /home/acer/continuum_arm_ws/install/light_follower_controller/lib/light_follower_controller
[1.722s] writing list of installed files to '/home/acer/continuum_arm_ws/build/light_follower_controller/install.log'
[1.762s] Invoked command in '/home/acer/continuum_arm_ws/src/light_follower_controller' returned '0': PYTHONPATH=/home/acer/continuum_arm_ws/build/light_follower_controller/prefix_override:/usr/lib/python3/dist-packages/colcon_core/task/python/colcon_distutils_commands:/home/acer/continuum_arm_ws/install/light_follower_controller/lib/python3.10/site-packages:${PYTHONPATH} /usr/bin/python3 -W ignore:setup.py install is deprecated setup.py egg_info --egg-base ../../build/light_follower_controller build --build-base /home/acer/continuum_arm_ws/build/light_follower_controller/build install --record /home/acer/continuum_arm_ws/build/light_follower_controller/install.log --single-version-externally-managed
